Using pre-set license
Built from '2020.3/china_unity/release' branch; Version is '2020.3.10f1c1 (65978a05d4e9) revision 6657930'; Using compiler version '192528614'; Build Type 'Release'
<<<<<<< HEAD
OS: 'Windows 10 Pro; OS build 19041.1083; Version 2004; 64bit' Language: 'zh' Physical Memory: 16268 MB
=======
OS: 'Windows 10 Pro; OS build 19042.1052; Version 2009; 64bit' Language: 'zh' Physical Memory: 32701 MB
>>>>>>> ed3011f14d6c096a486af0c89b7b907234675209
BatchMode: 1, IsHumanControllingUs: 0, StartBugReporterOnCrash: 0, Is64bit: 1, IsPro: 0

 COMMAND LINE ARGUMENTS:
D:\game developer\Unity\2020.3.10f1c1\Editor\Unity.exe
-adb2
-batchMode
-noUpm
-name
AssetImportWorker0
-projectPath
D:/game developer/2021Cigagame/CIGAgame
-logFile
Logs/AssetImportWorker0.log
-srvPort
<<<<<<< HEAD
60350
Successfully changed project path to: E:/GitDeskTop/CIGAgame/2021Cigagame/CIGAgame
E:/GitDeskTop/CIGAgame/2021Cigagame/CIGAgame
Using Asset Import Pipeline V2.
Refreshing native plugins compatible for Editor in 53.65 ms, found 3 plugins.
=======
50536
Successfully changed project path to: D:/game developer/2021Cigagame/CIGAgame
D:/game developer/2021Cigagame/CIGAgame
Using Asset Import Pipeline V2.
Refreshing native plugins compatible for Editor in 45.46 ms, found 3 plugins.
>>>>>>> ed3011f14d6c096a486af0c89b7b907234675209
Preloading 0 native plugins for Editor in 0.00 ms.
Initialize engine version: 2020.3.10f1c1 (65978a05d4e9)
[Subsystems] Discovering subsystems at path D:/game developer/Unity/2020.3.10f1c1/Editor/Data/Resources/UnitySubsystems
[Subsystems] Discovering subsystems at path D:/game developer/2021Cigagame/CIGAgame/Assets
GfxDevice: creating device client; threaded=0
Direct3D:
    Version:  Direct3D 11.0 [level 11.1]
    Renderer: NVIDIA GeForce GTX 1080 (ID=0x1b80)
    Vendor:   
    VRAM:     8079 MB
    Driver:   27.21.14.5671
Initialize mono
<<<<<<< HEAD
Mono path[0] = 'E:/GameMaker/UnityPrevious/2020.3.10f1c1/Editor/Data/Managed'
Mono path[1] = 'E:/GameMaker/UnityPrevious/2020.3.10f1c1/Editor/Data/MonoBleedingEdge/lib/mono/unityjit'
Mono config path = 'E:/GameMaker/UnityPrevious/2020.3.10f1c1/Editor/Data/MonoBleedingEdge/etc'
Using monoOptions --debugger-agent=transport=dt_socket,embedding=1,server=y,suspend=n,address=127.0.0.1:56740
Begin MonoManager ReloadAssembly
Registering precompiled unity dll's ...
Register platform support module: E:/GameMaker/UnityPrevious/2020.3.10f1c1/Editor/Data/PlaybackEngines/WindowsStandaloneSupport/UnityEditor.WindowsStandalone.Extensions.dll
Registered in 0.001228 seconds.
Native extension for WindowsStandalone target not found
Refreshing native plugins compatible for Editor in 50.87 ms, found 3 plugins.
Preloading 0 native plugins for Editor in 0.00 ms.
Mono: successfully reloaded assembly
- Completed reload, in  1.036 seconds
Platform modules already initialized, skipping
Registering precompiled user dll's ...
Registered in 0.004107 seconds.
Begin MonoManager ReloadAssembly
Native extension for WindowsStandalone target not found
Refreshing native plugins compatible for Editor in 47.73 ms, found 3 plugins.
Preloading 0 native plugins for Editor in 0.00 ms.
Mono: successfully reloaded assembly
- Completed reload, in  1.294 seconds
Platform modules already initialized, skipping
========================================================================
Worker process is ready to serve import requests
Launched and connected shader compiler UnityShaderCompiler.exe after 0.07 seconds
Refreshing native plugins compatible for Editor in 1.12 ms, found 3 plugins.
Preloading 0 native plugins for Editor in 0.00 ms.
Unloading 2102 Unused Serialized files (Serialized files now loaded: 0)
System memory in use before: 96.6 MB.
System memory in use after: 96.7 MB.

Unloading 28 unused Assets to reduce memory usage. Loaded Objects now: 2542.
Total: 2.860500 ms (FindLiveObjects: 0.229800 ms CreateObjectMapping: 0.109700 ms MarkObjects: 2.415300 ms  DeleteObjects: 0.104300 ms)

========================================================================
Received Import Request.
  path: Assets/AllIn1SpriteShader/Demo/Demo.unity
  artifactKey: Guid(aa7236836849adb4285d82814f472ea5) Importer(815301076,1909f56bfc062723c751e8b465ee728b)
Start importing Assets/AllIn1SpriteShader/Demo/Demo.unity using Guid(aa7236836849adb4285d82814f472ea5) Importer(815301076,1909f56bfc062723c751e8b465ee728b)  -> (artifact id: '52139aa12f387de655ae40ec84cc60c3') in 0.067151 seconds
  Import took 0.074461 seconds .

========================================================================
Received Prepare
Registering precompiled user dll's ...
Registered in 0.009729 seconds.
Begin MonoManager ReloadAssembly
Native extension for WindowsStandalone target not found
Refreshing native plugins compatible for Editor in 0.88 ms, found 3 plugins.
Preloading 0 native plugins for Editor in 0.00 ms.
Mono: successfully reloaded assembly
- Completed reload, in  2.066 seconds
Platform modules already initialized, skipping
Refreshing native plugins compatible for Editor in 1.17 ms, found 3 plugins.
Preloading 0 native plugins for Editor in 0.00 ms.
Unloading 2089 Unused Serialized files (Serialized files now loaded: 0)
System memory in use before: 95.8 MB.
System memory in use after: 95.9 MB.

Unloading 16 unused Assets to reduce memory usage. Loaded Objects now: 2546.
Total: 4.257100 ms (FindLiveObjects: 0.497600 ms CreateObjectMapping: 0.261000 ms MarkObjects: 3.465900 ms  DeleteObjects: 0.030100 ms)

========================================================================
Received Import Request.
  Time since last request: 154.848306 seconds.
  path: Assets/AllIn1SpriteShader/Demo/Demo2.unity
  artifactKey: Guid(63119d9cc000fdf4b96768c82b7d49b3) Importer(815301076,1909f56bfc062723c751e8b465ee728b)
Start importing Assets/AllIn1SpriteShader/Demo/Demo2.unity using Guid(63119d9cc000fdf4b96768c82b7d49b3) Importer(815301076,1909f56bfc062723c751e8b465ee728b)  -> (artifact id: '50b6597405f7a4ce054c2d9557bd98bc') in 0.022259 seconds
  Import took 0.029066 seconds .

========================================================================
Received Prepare
Registering precompiled user dll's ...
Registered in 0.005348 seconds.
Begin MonoManager ReloadAssembly
Native extension for WindowsStandalone target not found
Refreshing native plugins compatible for Editor in 1.18 ms, found 3 plugins.
Preloading 0 native plugins for Editor in 0.00 ms.
Mono: successfully reloaded assembly
- Completed reload, in  1.529 seconds
Platform modules already initialized, skipping
Refreshing native plugins compatible for Editor in 0.81 ms, found 3 plugins.
Preloading 0 native plugins for Editor in 0.00 ms.
Unloading 2075 Unused Serialized files (Serialized files now loaded: 0)
System memory in use before: 95.5 MB.
System memory in use after: 95.6 MB.

Unloading 26 unused Assets to reduce memory usage. Loaded Objects now: 2540.
Total: 3.271900 ms (FindLiveObjects: 0.211300 ms CreateObjectMapping: 0.086600 ms MarkObjects: 2.936100 ms  DeleteObjects: 0.036300 ms)

========================================================================
Received Prepare
Registering precompiled user dll's ...
Registered in 0.004512 seconds.
Begin MonoManager ReloadAssembly
Native extension for WindowsStandalone target not found
Refreshing native plugins compatible for Editor in 0.58 ms, found 3 plugins.
Preloading 0 native plugins for Editor in 0.00 ms.
Mono: successfully reloaded assembly
- Completed reload, in  1.227 seconds
Platform modules already initialized, skipping
Refreshing native plugins compatible for Editor in 0.64 ms, found 3 plugins.
Preloading 0 native plugins for Editor in 0.00 ms.
Unloading 2075 Unused Serialized files (Serialized files now loaded: 0)
System memory in use before: 95.5 MB.
System memory in use after: 95.6 MB.

Unloading 16 unused Assets to reduce memory usage. Loaded Objects now: 2544.
Total: 3.178900 ms (FindLiveObjects: 0.408000 ms CreateObjectMapping: 0.232800 ms MarkObjects: 2.512800 ms  DeleteObjects: 0.023500 ms)

========================================================================
Received Import Request.
  Time since last request: 293.667490 seconds.
  path: Assets/spriteandaudio/Tower/BuildSound.ogg
  artifactKey: Guid(330bb17d02ae71a4eaf40c58bcdc32a3) Importer(815301076,1909f56bfc062723c751e8b465ee728b)
Start importing Assets/spriteandaudio/Tower/BuildSound.ogg using Guid(330bb17d02ae71a4eaf40c58bcdc32a3) Importer(815301076,1909f56bfc062723c751e8b465ee728b)  -> (artifact id: '8811efee17bffc6e87ae82c8484bfa48') in 0.295023 seconds
  Import took 0.300986 seconds .

========================================================================
Received Import Request.
  Time since last request: 0.000320 seconds.
  path: Assets/spriteandaudio/Tower/scifiStructure_01.png
  artifactKey: Guid(05f83d328a436ed4ab78d472d755d324) Importer(815301076,1909f56bfc062723c751e8b465ee728b)
Start importing Assets/spriteandaudio/Tower/scifiStructure_01.png using Guid(05f83d328a436ed4ab78d472d755d324) Importer(815301076,1909f56bfc062723c751e8b465ee728b)  -> (artifact id: '96e1db8c8f3632e05bc36dece80556b4') in 0.078505 seconds
  Import took 0.082587 seconds .

========================================================================
Received Import Request.
  Time since last request: 0.000350 seconds.
  path: Assets/spriteandaudio/Tower/scifiStructure_13.png
  artifactKey: Guid(fc92f5b683be3084bbb55b6ca01216a8) Importer(815301076,1909f56bfc062723c751e8b465ee728b)
Start importing Assets/spriteandaudio/Tower/scifiStructure_13.png using Guid(fc92f5b683be3084bbb55b6ca01216a8) Importer(815301076,1909f56bfc062723c751e8b465ee728b)  -> (artifact id: 'f1c6476a49a182ea47de7a60a1ea7269') in 0.039044 seconds
  Import took 0.043091 seconds .

========================================================================
Received Import Request.
  Time since last request: 0.000308 seconds.
  path: Assets/spriteandaudio/Tower/RuinTower.png
  artifactKey: Guid(005f08d47d43e4145810f6d383de6119) Importer(815301076,1909f56bfc062723c751e8b465ee728b)
Start importing Assets/spriteandaudio/Tower/RuinTower.png using Guid(005f08d47d43e4145810f6d383de6119) Importer(815301076,1909f56bfc062723c751e8b465ee728b)  -> (artifact id: 'f9064a414641dcd84a04907b699fa9c0') in 0.040922 seconds
  Import took 0.045064 seconds .

========================================================================
Received Import Request.
  Time since last request: 0.000268 seconds.
  path: Assets/spriteandaudio/Tower/scifiStructure_06.png
  artifactKey: Guid(ceab2a86a2b51a5409a94e5cba379909) Importer(815301076,1909f56bfc062723c751e8b465ee728b)
Start importing Assets/spriteandaudio/Tower/scifiStructure_06.png using Guid(ceab2a86a2b51a5409a94e5cba379909) Importer(815301076,1909f56bfc062723c751e8b465ee728b)  -> (artifact id: 'e3021cfdccb2c0521c2784aec539c47d') in 0.036885 seconds
  Import took 0.040651 seconds .

========================================================================
Received Import Request.
  Time since last request: 0.000275 seconds.
  path: Assets/spriteandaudio/Tower/scifiStructure_12.png
  artifactKey: Guid(189dc04efb7bdcd488324974fd177d6a) Importer(815301076,1909f56bfc062723c751e8b465ee728b)
Start importing Assets/spriteandaudio/Tower/scifiStructure_12.png using Guid(189dc04efb7bdcd488324974fd177d6a) Importer(815301076,1909f56bfc062723c751e8b465ee728b)  -> (artifact id: '7ca022675ef5e149cd2d958d6a56a4f3') in 0.082791 seconds
  Import took 0.088342 seconds .

========================================================================
Received Import Request.
  Time since last request: 0.000268 seconds.
  path: Assets/spriteandaudio/Tower/scifiStructure_16.png
  artifactKey: Guid(319854d90a3b500498e4cd16113f0945) Importer(815301076,1909f56bfc062723c751e8b465ee728b)
Start importing Assets/spriteandaudio/Tower/scifiStructure_16.png using Guid(319854d90a3b500498e4cd16113f0945) Importer(815301076,1909f56bfc062723c751e8b465ee728b)  -> (artifact id: '3368f9f3106d53e085cbff23d4ef342b') in 0.020405 seconds
  Import took 0.025798 seconds .

========================================================================
Received Import Request.
  Time since last request: 0.000417 seconds.
  path: Assets/spriteandaudio/Tower/CharaIOSound.ogg
  artifactKey: Guid(0e1226e507c1b7b47b56fc5c14879511) Importer(815301076,1909f56bfc062723c751e8b465ee728b)
Start importing Assets/spriteandaudio/Tower/CharaIOSound.ogg using Guid(0e1226e507c1b7b47b56fc5c14879511) Importer(815301076,1909f56bfc062723c751e8b465ee728b)  -> (artifact id: '98ff389a243a8b217b7b4f016f5839bc') in 0.038341 seconds
  Import took 0.045160 seconds .

========================================================================
Received Import Request.
  Time since last request: 0.000728 seconds.
  path: Assets/spriteandaudio/Tower/scifiStructure_15.png
  artifactKey: Guid(9c8e653ef6557a6418005803ae7302fd) Importer(815301076,1909f56bfc062723c751e8b465ee728b)
Start importing Assets/spriteandaudio/Tower/scifiStructure_15.png using Guid(9c8e653ef6557a6418005803ae7302fd) Importer(815301076,1909f56bfc062723c751e8b465ee728b)  -> (artifact id: '0b9685176efb819ac8c5eba96a525343') in 0.037248 seconds
  Import took 0.041860 seconds .

========================================================================
Received Import Request.
  Time since last request: 0.000286 seconds.
  path: Assets/spriteandaudio/Tower/BulletHitSound.ogg
  artifactKey: Guid(eaf990fa18cb4b74fb1da037f25aa021) Importer(815301076,1909f56bfc062723c751e8b465ee728b)
Start importing Assets/spriteandaudio/Tower/BulletHitSound.ogg using Guid(eaf990fa18cb4b74fb1da037f25aa021) Importer(815301076,1909f56bfc062723c751e8b465ee728b)  -> (artifact id: '9afb938ffc35d71e80e12fd6cc32599c') in 0.041264 seconds
  Import took 0.045656 seconds .

========================================================================
Received Import Request.
  Time since last request: 0.000299 seconds.
  path: Assets/spriteandaudio/Tower/scifiStructure_03.png
  artifactKey: Guid(77feb11dc7d79ef4ba07c871f9dc9d1c) Importer(815301076,1909f56bfc062723c751e8b465ee728b)
Start importing Assets/spriteandaudio/Tower/scifiStructure_03.png using Guid(77feb11dc7d79ef4ba07c871f9dc9d1c) Importer(815301076,1909f56bfc062723c751e8b465ee728b)  -> (artifact id: '00ccdcfb080e2f0fcd80fb8bd38652c4') in 0.041567 seconds
  Import took 0.045999 seconds .

========================================================================
Received Import Request.
  Time since last request: 0.000246 seconds.
  path: Assets/spriteandaudio/Tower/scifiStructure_08.png
  artifactKey: Guid(c827b32ba269fce47bb25340962ca7ae) Importer(815301076,1909f56bfc062723c751e8b465ee728b)
Start importing Assets/spriteandaudio/Tower/scifiStructure_08.png using Guid(c827b32ba269fce47bb25340962ca7ae) Importer(815301076,1909f56bfc062723c751e8b465ee728b)  -> (artifact id: '4353b2f935a385407a3c188601f1e39e') in 0.032907 seconds
  Import took 0.038550 seconds .

========================================================================
Received Import Request.
  Time since last request: 0.000298 seconds.
  path: Assets/spriteandaudio/Tower/DestroySound.ogg
  artifactKey: Guid(098429013e2fd78499a9bf08e75909d3) Importer(815301076,1909f56bfc062723c751e8b465ee728b)
Start importing Assets/spriteandaudio/Tower/DestroySound.ogg using Guid(098429013e2fd78499a9bf08e75909d3) Importer(815301076,1909f56bfc062723c751e8b465ee728b)  -> (artifact id: 'a57503edf441bffba56a51f6b645e7a0') in 0.068776 seconds
  Import took 0.074670 seconds .

========================================================================
Received Import Request.
  Time since last request: 0.000279 seconds.
  path: Assets/spriteandaudio/Tower/RebuildSound.ogg
  artifactKey: Guid(9a37b8e607aedb144b78d94b006c778e) Importer(815301076,1909f56bfc062723c751e8b465ee728b)
Start importing Assets/spriteandaudio/Tower/RebuildSound.ogg using Guid(9a37b8e607aedb144b78d94b006c778e) Importer(815301076,1909f56bfc062723c751e8b465ee728b)  -> (artifact id: '0d85804bfe68ec4b6c98f41ec4e9ea8a') in 0.025364 seconds
  Import took 0.031835 seconds .

========================================================================
Received Import Request.
  Time since last request: 0.000259 seconds.
  path: Assets/spriteandaudio/Tower/scifiStructure_05.png
  artifactKey: Guid(e268c7872119aeb498cdf3d4db6d459c) Importer(815301076,1909f56bfc062723c751e8b465ee728b)
Start importing Assets/spriteandaudio/Tower/scifiStructure_05.png using Guid(e268c7872119aeb498cdf3d4db6d459c) Importer(815301076,1909f56bfc062723c751e8b465ee728b)  -> (artifact id: '70c0f6ffbf57d87ac48bc2c7af1d033d') in 0.015047 seconds
  Import took 0.020977 seconds .

========================================================================
Received Import Request.
  Time since last request: 0.000344 seconds.
  path: Assets/spriteandaudio/Tower/scifiStructure_09.png
  artifactKey: Guid(1036dddce9aa6e34fa153c865756e5ad) Importer(815301076,1909f56bfc062723c751e8b465ee728b)
Start importing Assets/spriteandaudio/Tower/scifiStructure_09.png using Guid(1036dddce9aa6e34fa153c865756e5ad) Importer(815301076,1909f56bfc062723c751e8b465ee728b)  -> (artifact id: '106ca8fadc41534ed679b3be0b74cf51') in 0.048584 seconds
  Import took 0.053930 seconds .

========================================================================
Received Import Request.
  Time since last request: 0.001371 seconds.
  path: Assets/spriteandaudio/Tower/scifiStructure_10.png
  artifactKey: Guid(d061b755391740348b62f725ceb6f900) Importer(815301076,1909f56bfc062723c751e8b465ee728b)
Start importing Assets/spriteandaudio/Tower/scifiStructure_10.png using Guid(d061b755391740348b62f725ceb6f900) Importer(815301076,1909f56bfc062723c751e8b465ee728b)  -> (artifact id: '50128f20174d9c05d357efbc9f8960e7') in 0.052586 seconds
  Import took 0.058734 seconds .

========================================================================
Received Import Request.
  Time since last request: 0.000325 seconds.
  path: Assets/spriteandaudio/Tower/ShootTower.png
  artifactKey: Guid(faafb580b10c50048b63fd1d3da79693) Importer(815301076,1909f56bfc062723c751e8b465ee728b)
Start importing Assets/spriteandaudio/Tower/ShootTower.png using Guid(faafb580b10c50048b63fd1d3da79693) Importer(815301076,1909f56bfc062723c751e8b465ee728b)  -> (artifact id: 'f99f0165af4a9f312499c51e4073b9f9') in 0.037207 seconds
  Import took 0.042423 seconds .

========================================================================
Received Import Request.
  Time since last request: 0.000379 seconds.
  path: Assets/spriteandaudio/Tower/scifiStructure_04.png
  artifactKey: Guid(e3cca079c01d9b14685fdcbd758d7070) Importer(815301076,1909f56bfc062723c751e8b465ee728b)
Start importing Assets/spriteandaudio/Tower/scifiStructure_04.png using Guid(e3cca079c01d9b14685fdcbd758d7070) Importer(815301076,1909f56bfc062723c751e8b465ee728b)  -> (artifact id: '0623ca6c77cbeb060c00b3814f889e26') in 0.044903 seconds
  Import took 0.050604 seconds .

========================================================================
Received Import Request.
  Time since last request: 2.104102 seconds.
  path: Assets/Scenes/Level_1.unity
  artifactKey: Guid(2cda990e2423bbf4892e6590ba056729) Importer(815301076,1909f56bfc062723c751e8b465ee728b)
Start importing Assets/Scenes/Level_1.unity using Guid(2cda990e2423bbf4892e6590ba056729) Importer(815301076,1909f56bfc062723c751e8b465ee728b)  -> (artifact id: 'a3a27a72e9e037dfaa41fe69f53ae091') in 0.003248 seconds
  Import took 0.007848 seconds .

========================================================================
Received Import Request.
  Time since last request: 0.010024 seconds.
  path: Assets/Scenes/Level_1.unity
  artifactKey: Guid(2cda990e2423bbf4892e6590ba056729) Importer(815301076,1909f56bfc062723c751e8b465ee728b)
Start importing Assets/Scenes/Level_1.unity using Guid(2cda990e2423bbf4892e6590ba056729) Importer(815301076,1909f56bfc062723c751e8b465ee728b)  -> (artifact id: 'a3a27a72e9e037dfaa41fe69f53ae091') in 0.003352 seconds
  Import took 0.008976 seconds .
=======
Mono path[0] = 'D:/game developer/Unity/2020.3.10f1c1/Editor/Data/Managed'
Mono path[1] = 'D:/game developer/Unity/2020.3.10f1c1/Editor/Data/MonoBleedingEdge/lib/mono/unityjit'
Mono config path = 'D:/game developer/Unity/2020.3.10f1c1/Editor/Data/MonoBleedingEdge/etc'
Using monoOptions --debugger-agent=transport=dt_socket,embedding=1,server=y,suspend=n,address=127.0.0.1:56088
Begin MonoManager ReloadAssembly
Registering precompiled unity dll's ...
Register platform support module: D:/game developer/Unity/2020.3.10f1c1/Editor/Data/PlaybackEngines/WindowsStandaloneSupport/UnityEditor.WindowsStandalone.Extensions.dll
Registered in 0.000945 seconds.
Native extension for WindowsStandalone target not found
Refreshing native plugins compatible for Editor in 41.83 ms, found 3 plugins.
Preloading 0 native plugins for Editor in 0.00 ms.
Mono: successfully reloaded assembly
- Completed reload, in  0.699 seconds
Platform modules already initialized, skipping
Registering precompiled user dll's ...
Registered in 0.002653 seconds.
Begin MonoManager ReloadAssembly
Native extension for WindowsStandalone target not found
Refreshing native plugins compatible for Editor in 45.66 ms, found 3 plugins.
Preloading 0 native plugins for Editor in 0.00 ms.
Mono: successfully reloaded assembly
- Completed reload, in  1.055 seconds
Platform modules already initialized, skipping
========================================================================
Worker process is ready to serve import requests
Launched and connected shader compiler UnityShaderCompiler.exe after 0.04 seconds
Refreshing native plugins compatible for Editor in 0.45 ms, found 3 plugins.
Preloading 0 native plugins for Editor in 0.00 ms.
Unloading 2235 Unused Serialized files (Serialized files now loaded: 0)
System memory in use before: 100.3 MB.
System memory in use after: 100.4 MB.

Unloading 29 unused Assets to reduce memory usage. Loaded Objects now: 2675.
Total: 1.918200 ms (FindLiveObjects: 0.208100 ms CreateObjectMapping: 0.081500 ms MarkObjects: 1.573600 ms  DeleteObjects: 0.053700 ms)

========================================================================
Received Import Request.
  path: Assets/rrg/profeb/TrainCarriage.prefab
  artifactKey: Guid(020e8258c0dd2264abb43afb13b5e983) Importer(815301076,1909f56bfc062723c751e8b465ee728b)
Start importing Assets/rrg/profeb/TrainCarriage.prefab using Guid(020e8258c0dd2264abb43afb13b5e983) Importer(815301076,1909f56bfc062723c751e8b465ee728b)  -> (artifact id: '89dd82f9de9a1bdfeef960914a3feabc') in 0.100529 seconds
  Import took 0.104133 seconds .

========================================================================
Received Import Request.
  Time since last request: 0.034786 seconds.
  path: Assets/rrg/profab/Locomotive.prefab
  artifactKey: Guid(3500311b48a247140890a9ca9ae3a429) Importer(815301076,1909f56bfc062723c751e8b465ee728b)
Start importing Assets/rrg/profab/Locomotive.prefab using Guid(3500311b48a247140890a9ca9ae3a429) Importer(815301076,1909f56bfc062723c751e8b465ee728b)  -> (artifact id: '05b2767806fa03735eca5a27ecfad37c') in 0.017795 seconds
  Import took 0.023283 seconds .

========================================================================
Received Import Request.
  Time since last request: 0.000211 seconds.
  path: Assets/rrg/profab/TrainStation.prefab
  artifactKey: Guid(8227d397c9088e44490617605dc965f6) Importer(815301076,1909f56bfc062723c751e8b465ee728b)
Start importing Assets/rrg/profab/TrainStation.prefab using Guid(8227d397c9088e44490617605dc965f6) Importer(815301076,1909f56bfc062723c751e8b465ee728b)  -> (artifact id: '97075fd16a74ed2c0153cec9e2572106') in 0.015445 seconds
  Import took 0.020728 seconds .

========================================================================
Received Import Request.
  Time since last request: 35.305888 seconds.
  path: Assets/rrg/profab
  artifactKey: Guid(059dd503831c6eb4599f6db004616914) Importer(815301076,1909f56bfc062723c751e8b465ee728b)
Start importing Assets/rrg/profab using Guid(059dd503831c6eb4599f6db004616914) Importer(815301076,1909f56bfc062723c751e8b465ee728b)  -> (artifact id: '9683cf80f119b8ac3a247c53f7ecdaad') in 0.008017 seconds
  Import took 0.012877 seconds .

========================================================================
Received Import Request.
  Time since last request: 32.892778 seconds.
  path: Assets/rrg/prefab/WallHorizontal.prefab
  artifactKey: Guid(f77e4b1352323524b954ee6f794398ce) Importer(815301076,1909f56bfc062723c751e8b465ee728b)
Start importing Assets/rrg/prefab/WallHorizontal.prefab using Guid(f77e4b1352323524b954ee6f794398ce) Importer(815301076,1909f56bfc062723c751e8b465ee728b)  -> (artifact id: 'fb1ea41c8d2e5dfbd86a912776061cb3') in 0.014981 seconds
  Import took 0.019594 seconds .

========================================================================
Received Import Request.
  Time since last request: 2.108866 seconds.
  path: Assets/rrg/prefab/WallVertical.prefab
  artifactKey: Guid(83b7a362b101af540a5e844f67ee83f4) Importer(815301076,1909f56bfc062723c751e8b465ee728b)
Start importing Assets/rrg/prefab/WallVertical.prefab using Guid(83b7a362b101af540a5e844f67ee83f4) Importer(815301076,1909f56bfc062723c751e8b465ee728b)  -> (artifact id: '3aed286953ba84a65f6772c092a57df6') in 0.015442 seconds
  Import took 0.020988 seconds .
>>>>>>> ed3011f14d6c096a486af0c89b7b907234675209

AssetImportWorkerClient::OnTransportError - code=2 error=End of file
